<?xml version="1.0" encoding="UTF-8"?>
<testng-results ignored="0" total="2" passed="2" failed="0" skipped="0">
  <reporter-output>
  </reporter-output>
  <suite started-at="2022-07-12T18:50:30 IST" name="Suite" finished-at="2022-07-12T18:50:41 IST" duration-ms="11627">
    <groups>
    </groups>
    <test started-at="2022-07-12T18:50:30 IST" name="chromeTest" finished-at="2022-07-12T18:50:37 IST" duration-ms="7626">
      <class name="automation.Testing">
        <test-method is-config="true" signature="launchbrowser(java.lang.String)[pri:0, instance:automation.Testing@18df8434]" started-at="2022-07-12T18:50:30 IST" name="launchbrowser" finished-at="2022-07-12T18:50:37 IST" duration-ms="7575" status="PASS">
          <params>
            <param index="0">
              <value>
                <![CDATA[chrome]]>
              </value>
            </param>
          </params>
          <reporter-output>
          </reporter-output>
        </test-method> <!-- launchbrowser -->
        <test-method signature="dataclear()[pri:0, instance:automation.Testing@18df8434]" started-at="2022-07-12T18:50:37 IST" name="dataclear" finished-at="2022-07-12T18:50:37 IST" duration-ms="16" status="PASS">
          <reporter-output>
          </reporter-output>
        </test-method> <!-- dataclear -->
        <test-method is-config="true" signature="data()[pri:0, instance:automation.Testing@18df8434]" started-at="2022-07-12T18:50:37 IST" name="data" finished-at="2022-07-12T18:50:37 IST" duration-ms="0" status="PASS">
          <reporter-output>
          </reporter-output>
        </test-method> <!-- data -->
      </class> <!-- automation.Testing -->
    </test> <!-- chromeTest -->
    <test started-at="2022-07-12T18:50:37 IST" name="FirefoxTest" finished-at="2022-07-12T18:50:41 IST" duration-ms="3964">
      <class name="automation.Testing">
        <test-method is-config="true" signature="launchbrowser(java.lang.String)[pri:0, instance:automation.Testing@25ce9dc4]" started-at="2022-07-12T18:50:38 IST" name="launchbrowser" finished-at="2022-07-12T18:50:41 IST" duration-ms="3946" status="PASS">
          <params>
            <param index="0">
              <value>
                <![CDATA[Firefoxdriver]]>
              </value>
            </param>
          </params>
          <reporter-output>
          </reporter-output>
        </test-method> <!-- launchbrowser -->
        <test-method signature="dataclear()[pri:0, instance:automation.Testing@25ce9dc4]" started-at="2022-07-12T18:50:41 IST" name="dataclear" finished-at="2022-07-12T18:50:41 IST" duration-ms="14" status="PASS">
          <reporter-output>
          </reporter-output>
        </test-method> <!-- dataclear -->
        <test-method is-config="true" signature="data()[pri:0, instance:automation.Testing@25ce9dc4]" started-at="2022-07-12T18:50:41 IST" name="data" finished-at="2022-07-12T18:50:41 IST" duration-ms="0" status="PASS">
          <reporter-output>
          </reporter-output>
        </test-method> <!-- data -->
      </class> <!-- automation.Testing -->
    </test> <!-- FirefoxTest -->
  </suite> <!-- Suite -->
</testng-results>
